<?xml version="1.0" encoding="UTF-8"?>
<robot generator="Robot 4.1 (Python 3.9.6 on win32)" generated="20211126 16:58:57.442" rpa="false" schemaversion="2">
<suite id="s1" name="Apna" source="C:\Users\user\PycharmProjects\Apna app login\Tests\apna.robot">
<kw name="Open apna application" library="apna login" type="SETUP">
<kw name="Open Application" library="AppiumLibrary">
<arg>${URL}</arg>
<arg>platformName=${Platform_Name}</arg>
<arg>platformVersion=${Platform_Version}</arg>
<arg>deviceName=${Device_Name}</arg>
<arg>app=${app_path}</arg>
<doc>Opens a new application to given Appium server.
Capabilities of appium server, Android and iOS,
Please check https://github.com/appium/appium/blob/master/docs/en/writing-running-appium/server-args.md
| *Option*            | *Man.* | *Description*     |
| remote_url          | Yes    | Appium server url |
| alias               | no     | alias             |</doc>
<status status="PASS" starttime="20211126 16:58:57.892" endtime="20211126 16:59:19.101"/>
</kw>
<status status="PASS" starttime="20211126 16:58:57.892" endtime="20211126 16:59:19.102"/>
</kw>
<test id="s1-t1" name="Launch the apna application and fill user details">
<kw name="Select None of the above option" library="apna login">
<kw name="Wait for text on Screen and click Text" library="apna common">
<arg>NONE OF THE ABOVE</arg>
<kw name="Wait Until Page Contains" library="AppiumLibrary">
<arg>${text}</arg>
<arg>timeout=20s</arg>
<doc>Waits until `text` appears on current page.</doc>
<status status="PASS" starttime="20211126 16:59:19.131" endtime="20211126 16:59:24.970"/>
</kw>
<kw name="Click Text" library="AppiumLibrary">
<arg>${text}</arg>
<doc>Click text identified by ``text``.</doc>
<status status="PASS" starttime="20211126 16:59:24.974" endtime="20211126 16:59:26.100"/>
</kw>
<status status="PASS" starttime="20211126 16:59:19.130" endtime="20211126 16:59:26.101"/>
</kw>
<status status="PASS" starttime="20211126 16:59:19.129" endtime="20211126 16:59:26.101"/>
</kw>
<kw name="Then Enter mobile number and click next" library="apna login">
<kw name="Wait for text on Screen and click Text" library="apna common">
<arg>${mobile}</arg>
<kw name="Wait Until Page Contains" library="AppiumLibrary">
<arg>${text}</arg>
<arg>timeout=20s</arg>
<doc>Waits until `text` appears on current page.</doc>
<status status="PASS" starttime="20211126 16:59:26.110" endtime="20211126 16:59:27.441"/>
</kw>
<kw name="Click Text" library="AppiumLibrary">
<arg>${text}</arg>
<doc>Click text identified by ``text``.</doc>
<status status="PASS" starttime="20211126 16:59:27.441" endtime="20211126 16:59:29.004"/>
</kw>
<status status="PASS" starttime="20211126 16:59:26.109" endtime="20211126 16:59:29.004"/>
</kw>
<kw name="Wait for Element on Screen" library="apna common">
<arg>${mobile number}</arg>
<kw name="Wait Until Page Contains Element" library="AppiumLibrary">
<arg>${element}</arg>
<arg>timeout=20s</arg>
<doc>Waits until element specified with `locator` appears on current page.</doc>
<status status="PASS" starttime="20211126 16:59:29.005" endtime="20211126 16:59:29.173"/>
</kw>
<status status="PASS" starttime="20211126 16:59:29.004" endtime="20211126 16:59:29.174"/>
</kw>
<kw name="Input Text" library="AppiumLibrary">
<arg>${mobile number}</arg>
<arg>${number}</arg>
<doc>Types the given `text` into text field identified by `locator`.</doc>
<msg timestamp="20211126 16:59:29.184" level="INFO">Typing text '9875340984' into text field 'id=et_login_number'</msg>
<status status="PASS" starttime="20211126 16:59:29.174" endtime="20211126 16:59:30.515"/>
</kw>
<kw name="Click Element" library="AppiumLibrary">
<arg>${next}</arg>
<doc>Click element identified by `locator`.</doc>
<msg timestamp="20211126 16:59:30.527" level="INFO">Clicking element 'id=btn_send'.</msg>
<status status="PASS" starttime="20211126 16:59:30.516" endtime="20211126 16:59:30.896"/>
</kw>
<status status="PASS" starttime="20211126 16:59:26.108" endtime="20211126 16:59:30.897"/>
</kw>
<kw name="Enter the otp and click next" library="apna login">
<kw name="Wait for text on Screen" library="apna common">
<arg>${otp}</arg>
<kw name="Wait Until Page Contains" library="AppiumLibrary">
<arg>${text}</arg>
<arg>timeout=20s</arg>
<doc>Waits until `text` appears on current page.</doc>
<status status="PASS" starttime="20211126 16:59:30.938" endtime="20211126 16:59:35.472"/>
</kw>
<status status="PASS" starttime="20211126 16:59:30.937" endtime="20211126 16:59:35.473"/>
</kw>
<kw name="Input Text and Enter OTP" library="apna common">
<arg>${otp_1}</arg>
<arg>9</arg>
<arg>${otp_2}</arg>
<arg>7</arg>
<arg>${otp_3}</arg>
<arg>6</arg>
<arg>${otp_4}</arg>
<arg>2</arg>
<kw name="Input Text" library="AppiumLibrary">
<arg>${number}</arg>
<arg>${otp_1}</arg>
<doc>Types the given `text` into text field identified by `locator`.</doc>
<msg timestamp="20211126 16:59:35.492" level="INFO">Typing text '9' into text field 'id=et_otp1'</msg>
<status status="PASS" starttime="20211126 16:59:35.475" endtime="20211126 16:59:36.389"/>
</kw>
<kw name="Input Text" library="AppiumLibrary">
<arg>${number1}</arg>
<arg>${otp_2}</arg>
<doc>Types the given `text` into text field identified by `locator`.</doc>
<msg timestamp="20211126 16:59:36.400" level="INFO">Typing text '7' into text field 'id=et_otp2'</msg>
<status status="PASS" starttime="20211126 16:59:36.389" endtime="20211126 16:59:37.325"/>
</kw>
<kw name="Input Text" library="AppiumLibrary">
<arg>${number2}</arg>
<arg>${otp_3}</arg>
<doc>Types the given `text` into text field identified by `locator`.</doc>
<msg timestamp="20211126 16:59:37.334" level="INFO">Typing text '6' into text field 'id=et_otp3'</msg>
<status status="PASS" starttime="20211126 16:59:37.325" endtime="20211126 16:59:38.341"/>
</kw>
<kw name="Input Text" library="AppiumLibrary">
<arg>${number3}</arg>
<arg>${otp_4}</arg>
<doc>Types the given `text` into text field identified by `locator`.</doc>
<msg timestamp="20211126 16:59:38.351" level="INFO">Typing text '2' into text field 'id=et_otp4'</msg>
<status status="PASS" starttime="20211126 16:59:38.341" endtime="20211126 16:59:39.397"/>
</kw>
<status status="PASS" starttime="20211126 16:59:35.473" endtime="20211126 16:59:39.398"/>
</kw>
<status status="PASS" starttime="20211126 16:59:30.936" endtime="20211126 16:59:39.398"/>
</kw>
<doc>Login with mobile number</doc>
<status status="PASS" starttime="20211126 16:59:19.102" endtime="20211126 16:59:39.399"/>
</test>
<test id="s1-t2" name="Then Choose language of your choice and proceed">
<kw name="Then Choose language and give next" library="apna login">
<kw name="Wait for text on Screen" library="apna common">
<arg>${choose language}</arg>
<kw name="Wait Until Page Contains" library="AppiumLibrary">
<arg>${text}</arg>
<arg>timeout=20s</arg>
<doc>Waits until `text` appears on current page.</doc>
<status status="PASS" starttime="20211126 16:59:39.407" endtime="20211126 16:59:50.209"/>
</kw>
<status status="PASS" starttime="20211126 16:59:39.406" endtime="20211126 16:59:50.209"/>
</kw>
<kw name="Click Text" library="AppiumLibrary">
<arg>${language}</arg>
<doc>Click text identified by ``text``.</doc>
<status status="PASS" starttime="20211126 16:59:50.209" endtime="20211126 16:59:50.930"/>
</kw>
<kw name="Click Element" library="AppiumLibrary">
<arg>${continue}</arg>
<doc>Click element identified by `locator`.</doc>
<msg timestamp="20211126 16:59:50.940" level="INFO">Clicking element 'id=btn_continue'.</msg>
<status status="PASS" starttime="20211126 16:59:50.930" endtime="20211126 16:59:51.763"/>
</kw>
<status status="PASS" starttime="20211126 16:59:39.406" endtime="20211126 16:59:51.764"/>
</kw>
<kw name="Enter Visiting card details by clicking letsgo option" library="apna login">
<kw name="Wait for text on Screen and click Text" library="apna common">
<arg>${lets go}</arg>
<kw name="Wait Until Page Contains" library="AppiumLibrary">
<arg>${text}</arg>
<arg>timeout=20s</arg>
<doc>Waits until `text` appears on current page.</doc>
<status status="PASS" starttime="20211126 16:59:51.775" endtime="20211126 16:59:55.140"/>
</kw>
<kw name="Click Text" library="AppiumLibrary">
<arg>${text}</arg>
<doc>Click text identified by ``text``.</doc>
<status status="PASS" starttime="20211126 16:59:55.141" endtime="20211126 16:59:55.515"/>
</kw>
<status status="PASS" starttime="20211126 16:59:51.771" endtime="20211126 16:59:55.515"/>
</kw>
<status status="PASS" starttime="20211126 16:59:51.771" endtime="20211126 16:59:55.515"/>
</kw>
<doc>Choose language</doc>
<status status="PASS" starttime="20211126 16:59:39.404" endtime="20211126 16:59:55.517"/>
</test>
<test id="s1-t3" name="Then Enter the required personal details and proceed">
<kw name="Then Enter personal details and click next" library="apna login">
<kw name="Wait for Element on Screen" library="apna common">
<arg>${enter name}</arg>
<kw name="Wait Until Page Contains Element" library="AppiumLibrary">
<arg>${element}</arg>
<arg>timeout=20s</arg>
<doc>Waits until element specified with `locator` appears on current page.</doc>
<status status="PASS" starttime="20211126 16:59:55.522" endtime="20211126 16:59:59.210"/>
</kw>
<status status="PASS" starttime="20211126 16:59:55.521" endtime="20211126 16:59:59.210"/>
</kw>
<kw name="Input Text" library="AppiumLibrary">
<arg>${enter name}</arg>
<arg>${full name}</arg>
<doc>Types the given `text` into text field identified by `locator`.</doc>
<msg timestamp="20211126 16:59:59.226" level="INFO">Typing text 'Hithashree' into text field 'id=act_profile_info_et_full_name'</msg>
<status status="PASS" starttime="20211126 16:59:59.211" endtime="20211126 17:00:00.508"/>
</kw>
<kw name="Click Element" library="AppiumLibrary">
<arg>${city}</arg>
<doc>Click element identified by `locator`.</doc>
<msg timestamp="20211126 17:00:00.519" level="INFO">Clicking element 'id=act_profile_info_et_city'.</msg>
<status status="PASS" starttime="20211126 17:00:00.509" endtime="20211126 17:00:01.102"/>
</kw>
<kw name="Wait for Element on Screen" library="apna common">
<arg>${search box}</arg>
<kw name="Wait Until Page Contains Element" library="AppiumLibrary">
<arg>${element}</arg>
<arg>timeout=20s</arg>
<doc>Waits until element specified with `locator` appears on current page.</doc>
<status status="PASS" starttime="20211126 17:00:01.103" endtime="20211126 17:00:04.895"/>
</kw>
<status status="PASS" starttime="20211126 17:00:01.102" endtime="20211126 17:00:04.895"/>
</kw>
<kw name="Input Text" library="AppiumLibrary">
<arg>${enter city}</arg>
<arg>${search city}</arg>
<doc>Types the given `text` into text field identified by `locator`.</doc>
<msg timestamp="20211126 17:00:04.906" level="INFO">Typing text 'Ben' into text field 'id=search_src_text'</msg>
<status status="PASS" starttime="20211126 17:00:04.895" endtime="20211126 17:00:06.171"/>
</kw>
<kw name="Wait for Element on Screen" library="apna common">
<arg>${enter city}</arg>
<kw name="Wait Until Page Contains Element" library="AppiumLibrary">
<arg>${element}</arg>
<arg>timeout=20s</arg>
<doc>Waits until element specified with `locator` appears on current page.</doc>
<status status="PASS" starttime="20211126 17:00:06.172" endtime="20211126 17:00:06.257"/>
</kw>
<status status="PASS" starttime="20211126 17:00:06.171" endtime="20211126 17:00:06.258"/>
</kw>
<kw name="Click Text" library="AppiumLibrary">
<arg>${city name}</arg>
<doc>Click text identified by ``text``.</doc>
<status status="PASS" starttime="20211126 17:00:06.259" endtime="20211126 17:00:07.268"/>
</kw>
<kw name="Wait for text on Screen and click Text" library="apna common">
<arg>${apna}</arg>
<kw name="Wait Until Page Contains" library="AppiumLibrary">
<arg>${text}</arg>
<arg>timeout=20s</arg>
<doc>Waits until `text` appears on current page.</doc>
<status status="PASS" starttime="20211126 17:00:07.269" endtime="20211126 17:00:08.238"/>
</kw>
<kw name="Click Text" library="AppiumLibrary">
<arg>${text}</arg>
<doc>Click text identified by ``text``.</doc>
<status status="PASS" starttime="20211126 17:00:08.238" endtime="20211126 17:00:10.579"/>
</kw>
<status status="PASS" starttime="20211126 17:00:07.268" endtime="20211126 17:00:10.579"/>
</kw>
<kw name="Click Element" library="AppiumLibrary">
<arg>${Job_Location}</arg>
<doc>Click element identified by `locator`.</doc>
<msg timestamp="20211126 17:00:10.589" level="INFO">Clicking element 'id=act_profile_info_et_location'.</msg>
<status status="PASS" starttime="20211126 17:00:10.580" endtime="20211126 17:00:10.674"/>
</kw>
<kw name="Wait for text on Screen" library="apna common">
<arg>${Set_Location}</arg>
<kw name="Wait Until Page Contains" library="AppiumLibrary">
<arg>${text}</arg>
<arg>timeout=20s</arg>
<doc>Waits until `text` appears on current page.</doc>
<status status="PASS" starttime="20211126 17:00:10.675" endtime="20211126 17:00:13.238"/>
</kw>
<status status="PASS" starttime="20211126 17:00:10.674" endtime="20211126 17:00:13.239"/>
</kw>
<kw name="Input Text" library="AppiumLibrary">
<arg>${Search_Location}</arg>
<arg>${Location_Name}</arg>
<doc>Types the given `text` into text field identified by `locator`.</doc>
<msg timestamp="20211126 17:00:13.260" level="INFO">Typing text 'Jaya' into text field 'id=act_select_location_etSearchLocation'</msg>
<status status="PASS" starttime="20211126 17:00:13.241" endtime="20211126 17:00:15.689"/>
</kw>
<kw name="Wait for text on Screen and click Text" library="apna common">
<arg>${Full_Location}</arg>
<kw name="Wait Until Page Contains" library="AppiumLibrary">
<arg>${text}</arg>
<arg>timeout=20s</arg>
<doc>Waits until `text` appears on current page.</doc>
<status status="PASS" starttime="20211126 17:00:15.691" endtime="20211126 17:00:17.053"/>
</kw>
<kw name="Click Text" library="AppiumLibrary">
<arg>${text}</arg>
<doc>Click text identified by ``text``.</doc>
<status status="PASS" starttime="20211126 17:00:17.053" endtime="20211126 17:00:17.336"/>
</kw>
<status status="PASS" starttime="20211126 17:00:15.690" endtime="20211126 17:00:17.337"/>
</kw>
<kw name="Click Element" library="AppiumLibrary">
<arg>${gender}</arg>
<doc>Click element identified by `locator`.</doc>
<msg timestamp="20211126 17:00:17.352" level="INFO">Clicking element 'id=iv_female_tick'.</msg>
<status status="PASS" starttime="20211126 17:00:17.337" endtime="20211126 17:00:18.971"/>
</kw>
<kw name="Click Element" library="AppiumLibrary">
<arg>${proceed}</arg>
<doc>Click element identified by `locator`.</doc>
<msg timestamp="20211126 17:00:18.988" level="INFO">Clicking element 'id=act_profile_info_btn_continue'.</msg>
<status status="PASS" starttime="20211126 17:00:18.971" endtime="20211126 17:00:19.632"/>
</kw>
<status status="PASS" starttime="20211126 16:59:55.521" endtime="20211126 17:00:19.632"/>
</kw>
<doc>User details</doc>
<status status="PASS" starttime="20211126 16:59:55.519" endtime="20211126 17:00:19.635"/>
</test>
<test id="s1-t4" name="Select Work Experience and give education details and proceed">
<kw name="Select Work Experience and click next" library="apna login">
<kw name="Wait for text on Screen and click Text" library="apna common">
<arg>${experience}</arg>
<kw name="Wait Until Page Contains" library="AppiumLibrary">
<arg>${text}</arg>
<arg>timeout=20s</arg>
<doc>Waits until `text` appears on current page.</doc>
<status status="PASS" starttime="20211126 17:00:19.640" endtime="20211126 17:00:23.157"/>
</kw>
<kw name="Click Text" library="AppiumLibrary">
<arg>${text}</arg>
<doc>Click text identified by ``text``.</doc>
<status status="PASS" starttime="20211126 17:00:23.157" endtime="20211126 17:00:24.055"/>
</kw>
<status status="PASS" starttime="20211126 17:00:19.639" endtime="20211126 17:00:24.055"/>
</kw>
<kw name="Click Element" library="AppiumLibrary">
<arg>${select experience}</arg>
<doc>Click element identified by `locator`.</doc>
<msg timestamp="20211126 17:00:24.064" level="INFO">Clicking element 'id=act_education_et_total_exp'.</msg>
<status status="PASS" starttime="20211126 17:00:24.056" endtime="20211126 17:00:24.766"/>
</kw>
<kw name="Click Element At Coordinates" library="AppiumLibrary">
<arg>429</arg>
<arg>563</arg>
<doc>click element at a certain coordinate</doc>
<msg timestamp="20211126 17:00:24.775" level="INFO">Pressing at (429, 563).</msg>
<status status="PASS" starttime="20211126 17:00:24.766" endtime="20211126 17:00:25.827"/>
</kw>
<kw name="Click Element" library="AppiumLibrary">
<arg>${job title}</arg>
<doc>Click element identified by `locator`.</doc>
<msg timestamp="20211126 17:00:25.837" level="INFO">Clicking element 'id=act_profile_info_et_job_title'.</msg>
<status status="PASS" starttime="20211126 17:00:25.828" endtime="20211126 17:00:25.967"/>
</kw>
<kw name="Input Text" library="AppiumLibrary">
<arg>${job title}</arg>
<arg>${job name}</arg>
<doc>Types the given `text` into text field identified by `locator`.</doc>
<msg timestamp="20211126 17:00:25.984" level="INFO">Typing text 'Software Tester' into text field 'id=act_profile_info_et_job_title'</msg>
<status status="PASS" starttime="20211126 17:00:25.967" endtime="20211126 17:00:28.181"/>
</kw>
<kw name="Click Element" library="AppiumLibrary">
<arg>${company}</arg>
<doc>Click element identified by `locator`.</doc>
<msg timestamp="20211126 17:00:28.202" level="INFO">Clicking element 'id=act_profile_info_et_company_name'.</msg>
<status status="PASS" starttime="20211126 17:00:28.181" endtime="20211126 17:00:31.527"/>
</kw>
<kw name="Input Text" library="AppiumLibrary">
<arg>${company}</arg>
<arg>${company name}</arg>
<doc>Types the given `text` into text field identified by `locator`.</doc>
<msg timestamp="20211126 17:00:31.537" level="INFO">Typing text 'Moolya Projects' into text field 'id=act_profile_info_et_company_name'</msg>
<status status="PASS" starttime="20211126 17:00:31.527" endtime="20211126 17:00:32.341"/>
</kw>
<kw name="Get Element Location" library="AppiumLibrary">
<var>${element_location}</var>
<arg>${salary}</arg>
<doc>Get element location</doc>
<msg timestamp="20211126 17:00:32.993" level="INFO">Element 'id=act_education_seekbar_salary' location: {'x': 36, 'y': 1384} </msg>
<msg timestamp="20211126 17:00:32.995" level="INFO">${element_location} = {'x': 36, 'y': 1384}</msg>
<status status="PASS" starttime="20211126 17:00:32.342" endtime="20211126 17:00:32.995"/>
</kw>
<kw name="Get Element Size" library="AppiumLibrary">
<var>${element_size}</var>
<arg>${salary}</arg>
<doc>Get element size</doc>
<msg timestamp="20211126 17:00:33.138" level="INFO">Element 'id=act_education_seekbar_salary' size: {'height': 72, 'width': 963} </msg>
<msg timestamp="20211126 17:00:33.139" level="INFO">${element_size} = {'height': 72, 'width': 963}</msg>
<status status="PASS" starttime="20211126 17:00:32.996" endtime="20211126 17:00:33.139"/>
</kw>
<kw name="Evaluate" library="BuiltIn">
<var>${start_x}</var>
<arg>${element_location['x']} + (${element_size['width']} * 0.6)</arg>
<doc>Evaluates the given expression in Python and returns the result.</doc>
<msg timestamp="20211126 17:00:33.145" level="INFO">${start_x} = 613.8</msg>
<status status="PASS" starttime="20211126 17:00:33.139" endtime="20211126 17:00:33.145"/>
</kw>
<kw name="Evaluate" library="BuiltIn">
<var>${start_y}</var>
<arg>${element_location['y']} + (${element_size['height']} * 0.8)</arg>
<doc>Evaluates the given expression in Python and returns the result.</doc>
<msg timestamp="20211126 17:00:33.149" level="INFO">${start_y} = 1441.6</msg>
<status status="PASS" starttime="20211126 17:00:33.145" endtime="20211126 17:00:33.149"/>
</kw>
<kw name="Evaluate" library="BuiltIn">
<var>${end_x}</var>
<arg>${element_location['x']} + (${element_size['width']} * 0.6)</arg>
<doc>Evaluates the given expression in Python and returns the result.</doc>
<msg timestamp="20211126 17:00:33.154" level="INFO">${end_x} = 613.8</msg>
<status status="PASS" starttime="20211126 17:00:33.150" endtime="20211126 17:00:33.154"/>
</kw>
<kw name="Evaluate" library="BuiltIn">
<var>${end_y}</var>
<arg>${element_location['y']} + (${element_size['height']} * 0.5)</arg>
<doc>Evaluates the given expression in Python and returns the result.</doc>
<msg timestamp="20211126 17:00:33.160" level="INFO">${end_y} = 1420.0</msg>
<status status="PASS" starttime="20211126 17:00:33.154" endtime="20211126 17:00:33.160"/>
</kw>
<kw name="Swipe" library="AppiumLibrary">
<arg>${start_x}</arg>
<arg>${start_y}</arg>
<arg>${end_x}</arg>
<arg>${end_y}</arg>
<arg>400</arg>
<doc>Swipe from one point to another point, for an optional duration.</doc>
<status status="PASS" starttime="20211126 17:00:33.161" endtime="20211126 17:00:34.583"/>
</kw>
<kw name="Click Text" library="AppiumLibrary">
<arg>${work}</arg>
<doc>Click text identified by ``text``.</doc>
<status status="PASS" starttime="20211126 17:00:34.584" endtime="20211126 17:00:36.111"/>
</kw>
<kw name="Click Element" library="AppiumLibrary">
<arg>${go}</arg>
<doc>Click element identified by `locator`.</doc>
<msg timestamp="20211126 17:00:36.122" level="INFO">Clicking element 'id=act_education_btn_continue'.</msg>
<status status="PASS" starttime="20211126 17:00:36.112" endtime="20211126 17:00:36.326"/>
</kw>
<status status="PASS" starttime="20211126 17:00:19.638" endtime="20211126 17:00:36.327"/>
</kw>
<kw name="Then Enter education details and click next" library="apna login">
<kw name="Wait for Element on Screen" library="apna common">
<arg>${education}</arg>
<kw name="Wait Until Page Contains Element" library="AppiumLibrary">
<arg>${element}</arg>
<arg>timeout=20s</arg>
<doc>Waits until element specified with `locator` appears on current page.</doc>
<status status="PASS" starttime="20211126 17:00:36.388" endtime="20211126 17:00:40.752"/>
</kw>
<status status="PASS" starttime="20211126 17:00:36.387" endtime="20211126 17:00:40.753"/>
</kw>
<kw name="Click Element" library="AppiumLibrary">
<arg>${education}</arg>
<doc>Click element identified by `locator`.</doc>
<msg timestamp="20211126 17:00:40.762" level="INFO">Clicking element 'id=et_education'.</msg>
<status status="PASS" starttime="20211126 17:00:40.753" endtime="20211126 17:00:41.418"/>
</kw>
<kw name="Click Element At Coordinates" library="AppiumLibrary">
<arg>179</arg>
<arg>1796</arg>
<doc>click element at a certain coordinate</doc>
<msg timestamp="20211126 17:00:41.428" level="INFO">Pressing at (179, 1796).</msg>
<status status="PASS" starttime="20211126 17:00:41.418" endtime="20211126 17:00:42.706"/>
</kw>
<kw name="Click Element" library="AppiumLibrary">
<arg>${degree}</arg>
<doc>Click element identified by `locator`.</doc>
<msg timestamp="20211126 17:00:42.714" level="INFO">Clicking element 'id=et_degree'.</msg>
<status status="PASS" starttime="20211126 17:00:42.706" endtime="20211126 17:00:43.394"/>
</kw>
<kw name="Input Text" library="AppiumLibrary">
<arg>${degree}</arg>
<arg>${degree name}</arg>
<doc>Types the given `text` into text field identified by `locator`.</doc>
<msg timestamp="20211126 17:00:43.406" level="INFO">Typing text 'BTech/BE' into text field 'id=et_degree'</msg>
<status status="PASS" starttime="20211126 17:00:43.394" endtime="20211126 17:00:45.374"/>
</kw>
<kw name="Wait for text on Screen and click Text" library="apna common">
<arg>${search degree}</arg>
<kw name="Wait Until Page Contains" library="AppiumLibrary">
<arg>${text}</arg>
<arg>timeout=20s</arg>
<doc>Waits until `text` appears on current page.</doc>
<status status="PASS" starttime="20211126 17:00:45.376" endtime="20211126 17:00:47.441"/>
</kw>
<kw name="Click Text" library="AppiumLibrary">
<arg>${text}</arg>
<doc>Click text identified by ``text``.</doc>
<status status="PASS" starttime="20211126 17:00:47.441" endtime="20211126 17:00:48.108"/>
</kw>
<status status="PASS" starttime="20211126 17:00:45.374" endtime="20211126 17:00:48.109"/>
</kw>
<kw name="Click Element" library="AppiumLibrary">
<arg>${college}</arg>
<doc>Click element identified by `locator`.</doc>
<msg timestamp="20211126 17:00:48.123" level="INFO">Clicking element 'id=et_college'.</msg>
<status status="PASS" starttime="20211126 17:00:48.109" endtime="20211126 17:00:50.517"/>
</kw>
<kw name="Input Text" library="AppiumLibrary">
<arg>${college}</arg>
<arg>${college name}</arg>
<doc>Types the given `text` into text field identified by `locator`.</doc>
<msg timestamp="20211126 17:00:50.526" level="INFO">Typing text 'National College' into text field 'id=et_college'</msg>
<status status="PASS" starttime="20211126 17:00:50.517" endtime="20211126 17:00:51.160"/>
</kw>
<kw name="Wait for text on Screen and click Text" library="apna common">
<arg>${search college}</arg>
<kw name="Wait Until Page Contains" library="AppiumLibrary">
<arg>${text}</arg>
<arg>timeout=20s</arg>
<doc>Waits until `text` appears on current page.</doc>
<status status="PASS" starttime="20211126 17:00:51.161" endtime="20211126 17:00:53.106"/>
</kw>
<kw name="Click Text" library="AppiumLibrary">
<arg>${text}</arg>
<doc>Click text identified by ``text``.</doc>
<status status="PASS" starttime="20211126 17:00:53.107" endtime="20211126 17:00:54.534"/>
</kw>
<status status="PASS" starttime="20211126 17:00:51.160" endtime="20211126 17:00:54.534"/>
</kw>
<kw name="Click Element" library="AppiumLibrary">
<arg>${move}</arg>
<doc>Click element identified by `locator`.</doc>
<msg timestamp="20211126 17:00:54.542" level="INFO">Clicking element 'id=act_education_btn_continue'.</msg>
<status status="PASS" starttime="20211126 17:00:54.535" endtime="20211126 17:00:54.651"/>
</kw>
<status status="PASS" starttime="20211126 17:00:36.387" endtime="20211126 17:00:54.652"/>
</kw>
<doc>Work experience and education details</doc>
<status status="PASS" starttime="20211126 17:00:19.637" endtime="20211126 17:00:54.652"/>
</test>
<test id="s1-t5" name="Choose the desired job category,gallary,contact details and proceed">
<kw name="Choose job category and give next" library="apna login">
<kw name="Wait for text on Screen" library="apna common">
<arg>${choose category}</arg>
<kw name="Wait Until Page Contains" library="AppiumLibrary">
<arg>${text}</arg>
<arg>timeout=20s</arg>
<doc>Waits until `text` appears on current page.</doc>
<status status="PASS" starttime="20211126 17:00:54.660" endtime="20211126 17:01:00.567"/>
</kw>
<status status="PASS" starttime="20211126 17:00:54.658" endtime="20211126 17:01:00.567"/>
</kw>
<kw name="Click Element" library="AppiumLibrary">
<arg>${category}</arg>
<doc>Click element identified by `locator`.</doc>
<msg timestamp="20211126 17:01:00.578" level="INFO">Clicking element 'id=row_super_category'.</msg>
<status status="PASS" starttime="20211126 17:01:00.567" endtime="20211126 17:01:01.027"/>
</kw>
<kw name="Wait for text on Screen and click Text" library="apna common">
<arg>${category name}</arg>
<kw name="Wait Until Page Contains" library="AppiumLibrary">
<arg>${text}</arg>
<arg>timeout=20s</arg>
<doc>Waits until `text` appears on current page.</doc>
<status status="PASS" starttime="20211126 17:01:01.030" endtime="20211126 17:01:02.194"/>
</kw>
<kw name="Click Text" library="AppiumLibrary">
<arg>${text}</arg>
<doc>Click text identified by ``text``.</doc>
<status status="PASS" starttime="20211126 17:01:02.194" endtime="20211126 17:01:02.683"/>
</kw>
<status status="PASS" starttime="20211126 17:01:01.028" endtime="20211126 17:01:02.683"/>
</kw>
<kw name="Click Text" library="AppiumLibrary">
<arg>${select category}</arg>
<doc>Click text identified by ``text``.</doc>
<status status="PASS" starttime="20211126 17:01:02.683" endtime="20211126 17:01:03.341"/>
</kw>
<kw name="Wait for Element on Screen" library="apna common">
<arg>${click next}</arg>
<kw name="Wait Until Page Contains Element" library="AppiumLibrary">
<arg>${element}</arg>
<arg>timeout=20s</arg>
<doc>Waits until element specified with `locator` appears on current page.</doc>
<status status="PASS" starttime="20211126 17:01:03.342" endtime="20211126 17:01:03.565"/>
</kw>
<status status="PASS" starttime="20211126 17:01:03.341" endtime="20211126 17:01:03.566"/>
</kw>
<kw name="Click Element" library="AppiumLibrary">
<arg>${click next}</arg>
<doc>Click element identified by `locator`.</doc>
<msg timestamp="20211126 17:01:03.574" level="INFO">Clicking element 'id=btn_continue'.</msg>
<status status="PASS" starttime="20211126 17:01:03.566" endtime="20211126 17:01:04.085"/>
</kw>
<status status="PASS" starttime="20211126 17:00:54.657" endtime="20211126 17:01:04.085"/>
</kw>
<kw name="Then give gallary details and click next" library="apna login">
<kw name="Wait for text on Screen and click Text" library="apna common">
<arg>${skip}</arg>
<kw name="Wait Until Page Contains" library="AppiumLibrary">
<arg>${text}</arg>
<arg>timeout=20s</arg>
<doc>Waits until `text` appears on current page.</doc>
<status status="PASS" starttime="20211126 17:01:04.087" endtime="20211126 17:01:07.304"/>
</kw>
<kw name="Click Text" library="AppiumLibrary">
<arg>${text}</arg>
<doc>Click text identified by ``text``.</doc>
<status status="PASS" starttime="20211126 17:01:07.304" endtime="20211126 17:01:07.560"/>
</kw>
<status status="PASS" starttime="20211126 17:01:04.086" endtime="20211126 17:01:07.560"/>
</kw>
<status status="PASS" starttime="20211126 17:01:04.086" endtime="20211126 17:01:07.561"/>
</kw>
<kw name="Enter contact details and give next" library="apna login">
<kw name="Wait for text on Screen and click Text" library="apna common">
<arg>${jobs}</arg>
<kw name="Wait Until Page Contains" library="AppiumLibrary">
<arg>${text}</arg>
<arg>timeout=20s</arg>
<doc>Waits until `text` appears on current page.</doc>
<status status="PASS" starttime="20211126 17:01:07.564" endtime="20211126 17:01:12.633"/>
</kw>
<kw name="Click Text" library="AppiumLibrary">
<arg>${text}</arg>
<doc>Click text identified by ``text``.</doc>
<status status="PASS" starttime="20211126 17:01:12.633" endtime="20211126 17:01:12.726"/>
</kw>
<status status="PASS" starttime="20211126 17:01:07.563" endtime="20211126 17:01:12.726"/>
</kw>
<status status="PASS" starttime="20211126 17:01:07.563" endtime="20211126 17:01:12.726"/>
</kw>
<doc>Job category</doc>
<status status="PASS" starttime="20211126 17:00:54.656" endtime="20211126 17:01:12.729"/>
</test>
<kw name="Close apna" library="apna login" type="TEARDOWN">
<kw name="Close Application" library="AppiumLibrary">
<doc>Closes the current application and also close webdriver session.</doc>
<status status="PASS" starttime="20211126 17:01:12.759" endtime="20211126 17:01:15.348"/>
</kw>
<status status="PASS" starttime="20211126 17:01:12.758" endtime="20211126 17:01:15.350"/>
</kw>
<status status="PASS" starttime="20211126 16:58:57.447" endtime="20211126 17:01:15.350"/>
</suite>
<statistics>
<total>
<stat pass="5" fail="0" skip="0">All Tests</stat>
</total>
<tag>
</tag>
<suite>
<stat pass="5" fail="0" skip="0" id="s1" name="Apna">Apna</stat>
</suite>
</statistics>
<errors>
</errors>
</robot>
