<?xml version="1.0" encoding="UTF-8"?>
<robot generator="Robot 4.1 (Python 3.9.6 on win32)" generated="20211203 11:49:18.365" rpa="false" schemaversion="2">
<suite id="s1" name="Apnacard" source="C:\Users\user\PycharmProjects\Apna app login\Tests\apnacard.robot">
<kw name="Open Apna application" library="Apna card page" type="SETUP">
<kw name="Open Application" library="AppiumLibrary">
<arg>${URL}</arg>
<arg>platformName=${Platform_Name}</arg>
<arg>platformVersion=${Platform_Version}</arg>
<arg>deviceName=${Device_Name}</arg>
<arg>app=${app_path}</arg>
<arg>noReset=true</arg>
<doc>Opens a new application to given Appium server.
Capabilities of appium server, Android and iOS,
Please check https://github.com/appium/appium/blob/master/docs/en/writing-running-appium/server-args.md
| *Option*            | *Man.* | *Description*     |
| remote_url          | Yes    | Appium server url |
| alias               | no     | alias             |</doc>
<status status="PASS" starttime="20211203 11:49:20.266" endtime="20211203 11:49:40.616"/>
</kw>
<status status="PASS" starttime="20211203 11:49:20.262" endtime="20211203 11:49:40.617"/>
</kw>
<test id="s1-t1" name="Check the Functionality of the header">
<kw name="Check if user can view messages from the inbox" library="Apna card page">
<kw name="Wait for text on Screen and click Text" library="apna cardcommon">
<arg>${card}</arg>
<kw name="Wait Until Page Contains" library="AppiumLibrary">
<arg>${text}</arg>
<arg>timeout=20s</arg>
<doc>Waits until `text` appears on current page.</doc>
<status status="PASS" starttime="20211203 11:49:40.625" endtime="20211203 11:49:50.913"/>
</kw>
<kw name="Click Text" library="AppiumLibrary">
<arg>${text}</arg>
<doc>Click text identified by ``text``.</doc>
<status status="PASS" starttime="20211203 11:49:50.913" endtime="20211203 11:49:51.915"/>
</kw>
<status status="PASS" starttime="20211203 11:49:40.623" endtime="20211203 11:49:51.916"/>
</kw>
<kw name="Wait for text on Screen and click Text" library="apna cardcommon">
<arg>${apna}</arg>
<kw name="Wait Until Page Contains" library="AppiumLibrary">
<arg>${text}</arg>
<arg>timeout=20s</arg>
<doc>Waits until `text` appears on current page.</doc>
<status status="PASS" starttime="20211203 11:49:51.919" endtime="20211203 11:49:54.735"/>
</kw>
<kw name="Click Text" library="AppiumLibrary">
<arg>${text}</arg>
<doc>Click text identified by ``text``.</doc>
<status status="PASS" starttime="20211203 11:49:54.736" endtime="20211203 11:49:58.427"/>
</kw>
<status status="PASS" starttime="20211203 11:49:51.917" endtime="20211203 11:49:58.427"/>
</kw>
<kw name="Click Element" library="AppiumLibrary">
<arg>${inbox}</arg>
<doc>Click element identified by `locator`.</doc>
<msg timestamp="20211203 11:49:58.437" level="INFO">Clicking element 'com.apnatime.debug:id/iv_conversation'.</msg>
<status status="PASS" starttime="20211203 11:49:58.427" endtime="20211203 11:49:59.925"/>
</kw>
<kw name="Wait for Element on Screen" library="apna cardcommon">
<arg>${conversation}</arg>
<kw name="Wait Until Page Contains Element" library="AppiumLibrary">
<arg>${element}</arg>
<arg>timeout=20s</arg>
<doc>Waits until element specified with `locator` appears on current page.</doc>
<status status="PASS" starttime="20211203 11:49:59.926" endtime="20211203 11:50:03.222"/>
</kw>
<status status="PASS" starttime="20211203 11:49:59.925" endtime="20211203 11:50:03.222"/>
</kw>
<kw name="Element Should Contain Text" library="AppiumLibrary">
<arg>${conversation}</arg>
<arg>${conversation message}</arg>
<doc>Verifies element identified by ``locator`` contains text ``expected``.</doc>
<msg timestamp="20211203 11:50:03.230" level="INFO">Verifying element 'com.apnatime.debug:id/noConversations' contains text 'You have no conversation'.</msg>
<status status="PASS" starttime="20211203 11:50:03.222" endtime="20211203 11:50:03.287"/>
</kw>
<kw name="Click Element" library="AppiumLibrary">
<arg>${back}</arg>
<doc>Click element identified by `locator`.</doc>
<msg timestamp="20211203 11:50:03.295" level="INFO">Clicking element 'com.apnatime.debug:id/iv_back'.</msg>
<status status="PASS" starttime="20211203 11:50:03.288" endtime="20211203 11:50:03.365"/>
</kw>
<status status="PASS" starttime="20211203 11:49:40.620" endtime="20211203 11:50:03.366"/>
</kw>
<kw name="Check if user can view notification and mark all read" library="Apna card page">
<kw name="Wait for Element on Screen" library="apna cardcommon">
<arg>${notification}</arg>
<kw name="Wait Until Page Contains Element" library="AppiumLibrary">
<arg>${element}</arg>
<arg>timeout=20s</arg>
<doc>Waits until element specified with `locator` appears on current page.</doc>
<status status="PASS" starttime="20211203 11:50:03.368" endtime="20211203 11:50:04.203"/>
</kw>
<status status="PASS" starttime="20211203 11:50:03.367" endtime="20211203 11:50:04.204"/>
</kw>
<kw name="Click Element" library="AppiumLibrary">
<arg>${notification}</arg>
<doc>Click element identified by `locator`.</doc>
<msg timestamp="20211203 11:50:04.221" level="INFO">Clicking element 'com.apnatime.debug:id/img_bell'.</msg>
<status status="PASS" starttime="20211203 11:50:04.205" endtime="20211203 11:50:04.750"/>
</kw>
<kw name="Wait for Element on Screen" library="apna cardcommon">
<arg>${mark_all_read}</arg>
<kw name="Wait Until Page Contains Element" library="AppiumLibrary">
<arg>${element}</arg>
<arg>timeout=20s</arg>
<doc>Waits until element specified with `locator` appears on current page.</doc>
<status status="PASS" starttime="20211203 11:50:04.751" endtime="20211203 11:50:07.280"/>
</kw>
<status status="PASS" starttime="20211203 11:50:04.750" endtime="20211203 11:50:07.280"/>
</kw>
<kw name="Element Should Contain Text" library="AppiumLibrary">
<arg>${mark_all_read}</arg>
<arg>${message}</arg>
<doc>Verifies element identified by ``locator`` contains text ``expected``.</doc>
<msg timestamp="20211203 11:50:07.287" level="INFO">Verifying element 'com.apnatime.debug:id/btn_mark_all_read' contains text 'Mark all read'.</msg>
<status status="PASS" starttime="20211203 11:50:07.281" endtime="20211203 11:50:07.593"/>
</kw>
<kw name="Click Element" library="AppiumLibrary">
<arg>${back button}</arg>
<doc>Click element identified by `locator`.</doc>
<msg timestamp="20211203 11:50:07.601" level="INFO">Clicking element 'xpath=//android.widget.ImageButton[@index="0"]'.</msg>
<status status="PASS" starttime="20211203 11:50:07.593" endtime="20211203 11:50:08.592"/>
</kw>
<status status="PASS" starttime="20211203 11:50:03.367" endtime="20211203 11:50:08.594"/>
</kw>
<doc>Check the Functionality of the header</doc>
<status status="PASS" starttime="20211203 11:49:40.618" endtime="20211203 11:50:08.595"/>
</test>
<test id="s1-t2" name="Check if user can edit the card details">
<kw name="Click on edit profile" library="Apna card page">
<kw name="Wait for Element on Screen" library="apna cardcommon">
<arg>${edit profile}</arg>
<kw name="Wait Until Page Contains Element" library="AppiumLibrary">
<arg>${element}</arg>
<arg>timeout=20s</arg>
<doc>Waits until element specified with `locator` appears on current page.</doc>
<status status="PASS" starttime="20211203 11:50:08.602" endtime="20211203 11:50:11.998"/>
</kw>
<status status="PASS" starttime="20211203 11:50:08.601" endtime="20211203 11:50:11.999"/>
</kw>
<kw name="Click Element" library="AppiumLibrary">
<arg>${edit profile}</arg>
<doc>Click element identified by `locator`.</doc>
<msg timestamp="20211203 11:50:12.012" level="INFO">Clicking element 'com.apnatime.debug:id/img_edit_profile'.</msg>
<status status="PASS" starttime="20211203 11:50:11.999" endtime="20211203 11:50:12.491"/>
</kw>
<status status="PASS" starttime="20211203 11:50:08.599" endtime="20211203 11:50:12.491"/>
</kw>
<kw name="Edit language and give next" library="Apna card page">
<kw name="Wait for text on Screen and click Text" library="apna cardcommon">
<arg>${language}</arg>
<kw name="Wait Until Page Contains" library="AppiumLibrary">
<arg>${text}</arg>
<arg>timeout=20s</arg>
<doc>Waits until `text` appears on current page.</doc>
<status status="PASS" starttime="20211203 11:50:12.497" endtime="20211203 11:50:14.882"/>
</kw>
<kw name="Click Text" library="AppiumLibrary">
<arg>${text}</arg>
<doc>Click text identified by ``text``.</doc>
<status status="PASS" starttime="20211203 11:50:14.882" endtime="20211203 11:50:15.184"/>
</kw>
<status status="PASS" starttime="20211203 11:50:12.496" endtime="20211203 11:50:15.185"/>
</kw>
<kw name="Click Element" library="AppiumLibrary">
<arg>${next}</arg>
<doc>Click element identified by `locator`.</doc>
<msg timestamp="20211203 11:50:15.194" level="INFO">Clicking element 'com.apnatime.debug:id/btn_continue'.</msg>
<status status="PASS" starttime="20211203 11:50:15.185" endtime="20211203 11:50:15.842"/>
</kw>
<status status="PASS" starttime="20211203 11:50:12.495" endtime="20211203 11:50:15.842"/>
</kw>
<kw name="Edit User Name" library="Apna card page">
<kw name="Wait for Element on Screen" library="apna cardcommon">
<arg>${name}</arg>
<kw name="Wait Until Page Contains Element" library="AppiumLibrary">
<arg>${element}</arg>
<arg>timeout=20s</arg>
<doc>Waits until element specified with `locator` appears on current page.</doc>
<status status="PASS" starttime="20211203 11:50:15.844" endtime="20211203 11:50:19.118"/>
</kw>
<status status="PASS" starttime="20211203 11:50:15.843" endtime="20211203 11:50:19.119"/>
</kw>
<kw name="Input Text" library="AppiumLibrary">
<arg>${name}</arg>
<arg>${full_name}</arg>
<doc>Types the given `text` into text field identified by `locator`.</doc>
<msg timestamp="20211203 11:50:19.134" level="INFO">Typing text 'Priya' into text field 'id=act_profile_info_et_full_name'</msg>
<status status="PASS" starttime="20211203 11:50:19.120" endtime="20211203 11:50:20.305"/>
</kw>
<status status="PASS" starttime="20211203 11:50:15.843" endtime="20211203 11:50:20.306"/>
</kw>
<kw name="Edit User Job City" library="Apna card page">
<kw name="Click Element" library="AppiumLibrary">
<arg>${city}</arg>
<doc>Click element identified by `locator`.</doc>
<msg timestamp="20211203 11:50:20.319" level="INFO">Clicking element 'id=act_profile_info_et_city'.</msg>
<status status="PASS" starttime="20211203 11:50:20.307" endtime="20211203 11:50:20.913"/>
</kw>
<kw name="Wait for Element on Screen" library="apna cardcommon">
<arg>${search box}</arg>
<kw name="Wait Until Page Contains Element" library="AppiumLibrary">
<arg>${element}</arg>
<arg>timeout=20s</arg>
<doc>Waits until element specified with `locator` appears on current page.</doc>
<status status="PASS" starttime="20211203 11:50:20.915" endtime="20211203 11:50:24.494"/>
</kw>
<status status="PASS" starttime="20211203 11:50:20.913" endtime="20211203 11:50:24.494"/>
</kw>
<kw name="Input Text" library="AppiumLibrary">
<arg>${enter city}</arg>
<arg>${search city}</arg>
<doc>Types the given `text` into text field identified by `locator`.</doc>
<msg timestamp="20211203 11:50:24.502" level="INFO">Typing text 'My' into text field 'id=search_src_text'</msg>
<status status="PASS" starttime="20211203 11:50:24.495" endtime="20211203 11:50:25.534"/>
</kw>
<kw name="Wait for Element on Screen" library="apna cardcommon">
<arg>${enter city}</arg>
<kw name="Wait Until Page Contains Element" library="AppiumLibrary">
<arg>${element}</arg>
<arg>timeout=20s</arg>
<doc>Waits until element specified with `locator` appears on current page.</doc>
<status status="PASS" starttime="20211203 11:50:25.535" endtime="20211203 11:50:26.503"/>
</kw>
<status status="PASS" starttime="20211203 11:50:25.534" endtime="20211203 11:50:26.503"/>
</kw>
<kw name="Click Text" library="AppiumLibrary">
<arg>${city name}</arg>
<doc>Click text identified by ``text``.</doc>
<status status="PASS" starttime="20211203 11:50:26.503" endtime="20211203 11:50:26.673"/>
</kw>
<status status="PASS" starttime="20211203 11:50:20.306" endtime="20211203 11:50:26.674"/>
</kw>
<kw name="Edit User Job Location" library="Apna card page">
<kw name="Wait for text on Screen and click Text" library="apna cardcommon">
<arg>${apna name}</arg>
<kw name="Wait Until Page Contains" library="AppiumLibrary">
<arg>${text}</arg>
<arg>timeout=20s</arg>
<doc>Waits until `text` appears on current page.</doc>
<status status="PASS" starttime="20211203 11:50:26.676" endtime="20211203 11:50:28.653"/>
</kw>
<kw name="Click Text" library="AppiumLibrary">
<arg>${text}</arg>
<doc>Click text identified by ``text``.</doc>
<status status="PASS" starttime="20211203 11:50:28.653" endtime="20211203 11:50:29.681"/>
</kw>
<status status="PASS" starttime="20211203 11:50:26.675" endtime="20211203 11:50:29.681"/>
</kw>
<kw name="Click Element" library="AppiumLibrary">
<arg>${Job_Location}</arg>
<doc>Click element identified by `locator`.</doc>
<msg timestamp="20211203 11:50:29.689" level="INFO">Clicking element 'id=act_profile_info_et_location'.</msg>
<status status="PASS" starttime="20211203 11:50:29.682" endtime="20211203 11:50:29.785"/>
</kw>
<kw name="Wait for text on Screen" library="apna cardcommon">
<arg>${Set_Location}</arg>
<kw name="Wait Until Page Contains" library="AppiumLibrary">
<arg>${text}</arg>
<arg>timeout=20</arg>
<doc>Waits until `text` appears on current page.</doc>
<status status="PASS" starttime="20211203 11:50:29.786" endtime="20211203 11:50:32.568"/>
</kw>
<status status="PASS" starttime="20211203 11:50:29.785" endtime="20211203 11:50:32.568"/>
</kw>
<kw name="Input Text" library="AppiumLibrary">
<arg>${Search_Location}</arg>
<arg>${Location_Name}</arg>
<doc>Types the given `text` into text field identified by `locator`.</doc>
<msg timestamp="20211203 11:50:32.576" level="INFO">Typing text 'J.P' into text field 'id=act_select_location_etSearchLocation'</msg>
<status status="PASS" starttime="20211203 11:50:32.568" endtime="20211203 11:50:33.938"/>
</kw>
<kw name="Wait for text on Screen and click Text" library="apna cardcommon">
<arg>${Full_Location}</arg>
<kw name="Wait Until Page Contains" library="AppiumLibrary">
<arg>${text}</arg>
<arg>timeout=20s</arg>
<doc>Waits until `text` appears on current page.</doc>
<status status="PASS" starttime="20211203 11:50:33.939" endtime="20211203 11:50:34.961"/>
</kw>
<kw name="Click Text" library="AppiumLibrary">
<arg>${text}</arg>
<doc>Click text identified by ``text``.</doc>
<status status="PASS" starttime="20211203 11:50:34.961" endtime="20211203 11:50:35.111"/>
</kw>
<status status="PASS" starttime="20211203 11:50:33.938" endtime="20211203 11:50:35.111"/>
</kw>
<status status="PASS" starttime="20211203 11:50:26.674" endtime="20211203 11:50:35.111"/>
</kw>
<kw name="Click on next" library="Apna card page">
<kw name="Wait for Element on Screen" library="apna cardcommon">
<arg>${proceed}</arg>
<kw name="Wait Until Page Contains Element" library="AppiumLibrary">
<arg>${element}</arg>
<arg>timeout=20s</arg>
<doc>Waits until element specified with `locator` appears on current page.</doc>
<status status="PASS" starttime="20211203 11:50:35.114" endtime="20211203 11:50:36.344"/>
</kw>
<status status="PASS" starttime="20211203 11:50:35.113" endtime="20211203 11:50:36.344"/>
</kw>
<kw name="Click Element" library="AppiumLibrary">
<arg>${proceed}</arg>
<doc>Click element identified by `locator`.</doc>
<msg timestamp="20211203 11:50:36.351" level="INFO">Clicking element 'id=act_profile_info_btn_continue'.</msg>
<status status="PASS" starttime="20211203 11:50:36.344" endtime="20211203 11:50:36.423"/>
</kw>
<status status="PASS" starttime="20211203 11:50:35.112" endtime="20211203 11:50:36.424"/>
</kw>
<kw name="Edit Work Experience" library="Apna card page">
<kw name="Wait for text on Screen" library="apna cardcommon">
<arg>${experience}</arg>
<kw name="Wait Until Page Contains" library="AppiumLibrary">
<arg>${text}</arg>
<arg>timeout=20</arg>
<doc>Waits until `text` appears on current page.</doc>
<status status="PASS" starttime="20211203 11:50:36.426" endtime="20211203 11:50:41.003"/>
</kw>
<status status="PASS" starttime="20211203 11:50:36.425" endtime="20211203 11:50:41.003"/>
</kw>
<kw name="Click Text" library="AppiumLibrary">
<arg>${work}</arg>
<doc>Click text identified by ``text``.</doc>
<status status="PASS" starttime="20211203 11:50:41.003" endtime="20211203 11:50:41.787"/>
</kw>
<kw name="Click Element" library="AppiumLibrary">
<arg>${go}</arg>
<doc>Click element identified by `locator`.</doc>
<msg timestamp="20211203 11:50:41.801" level="INFO">Clicking element 'id=act_education_btn_continue'.</msg>
<status status="PASS" starttime="20211203 11:50:41.787" endtime="20211203 11:50:42.951"/>
</kw>
<status status="PASS" starttime="20211203 11:50:36.424" endtime="20211203 11:50:42.951"/>
</kw>
<kw name="Edit Education details" library="Apna card page">
<kw name="Wait for Element on Screen" library="apna cardcommon">
<arg>${education}</arg>
<kw name="Wait Until Page Contains Element" library="AppiumLibrary">
<arg>${element}</arg>
<arg>timeout=20s</arg>
<doc>Waits until element specified with `locator` appears on current page.</doc>
<status status="PASS" starttime="20211203 11:50:42.954" endtime="20211203 11:50:47.525"/>
</kw>
<status status="PASS" starttime="20211203 11:50:42.953" endtime="20211203 11:50:47.526"/>
</kw>
<kw name="Click Element" library="AppiumLibrary">
<arg>${education}</arg>
<doc>Click element identified by `locator`.</doc>
<msg timestamp="20211203 11:50:47.534" level="INFO">Clicking element 'id=et_education'.</msg>
<status status="PASS" starttime="20211203 11:50:47.526" endtime="20211203 11:50:48.214"/>
</kw>
<kw name="Click Element" library="AppiumLibrary">
<arg>${move}</arg>
<doc>Click element identified by `locator`.</doc>
<msg timestamp="20211203 11:50:48.224" level="INFO">Clicking element 'id=act_education_btn_continue'.</msg>
<status status="PASS" starttime="20211203 11:50:48.214" endtime="20211203 11:50:49.384"/>
</kw>
<status status="PASS" starttime="20211203 11:50:42.952" endtime="20211203 11:50:49.385"/>
</kw>
<kw name="Edit gallary details and click next" library="Apna card page">
<kw name="Wait for Element on Screen" library="apna cardcommon">
<arg>${done}</arg>
<kw name="Wait Until Page Contains Element" library="AppiumLibrary">
<arg>${element}</arg>
<arg>timeout=20s</arg>
<doc>Waits until element specified with `locator` appears on current page.</doc>
<status status="PASS" starttime="20211203 11:50:49.389" endtime="20211203 11:50:53.166"/>
</kw>
<status status="PASS" starttime="20211203 11:50:49.388" endtime="20211203 11:50:53.166"/>
</kw>
<kw name="Click Element" library="AppiumLibrary">
<arg>${done}</arg>
<doc>Click element identified by `locator`.</doc>
<msg timestamp="20211203 11:50:53.173" level="INFO">Clicking element 'com.apnatime.debug:id/act_profile_info_btn_continue'.</msg>
<status status="PASS" starttime="20211203 11:50:53.166" endtime="20211203 11:50:53.239"/>
</kw>
<status status="PASS" starttime="20211203 11:50:49.386" endtime="20211203 11:50:53.239"/>
</kw>
<doc>Check if user can edit the card details</doc>
<status status="PASS" starttime="20211203 11:50:08.597" endtime="20211203 11:50:53.241"/>
</test>
<test id="s1-t3" name="Verify if all card details has been changed">
<kw name="Verify card details" library="Apna card page">
<kw name="Wait for text on Screen" library="apna cardcommon">
<arg>${apnacard}</arg>
<kw name="Wait Until Page Contains" library="AppiumLibrary">
<arg>${text}</arg>
<arg>timeout=20</arg>
<doc>Waits until `text` appears on current page.</doc>
<status status="PASS" starttime="20211203 11:50:53.244" endtime="20211203 11:50:58.180"/>
</kw>
<status status="PASS" starttime="20211203 11:50:53.243" endtime="20211203 11:50:58.181"/>
</kw>
<kw name="Wait for Element on Screen" library="apna cardcommon">
<arg>${verify name}</arg>
<kw name="Wait Until Page Contains Element" library="AppiumLibrary">
<arg>${element}</arg>
<arg>timeout=20s</arg>
<doc>Waits until element specified with `locator` appears on current page.</doc>
<status status="PASS" starttime="20211203 11:50:58.183" endtime="20211203 11:51:00.063"/>
</kw>
<status status="PASS" starttime="20211203 11:50:58.181" endtime="20211203 11:51:00.064"/>
</kw>
<kw name="Element Should Contain Text" library="AppiumLibrary">
<arg>${verify name}</arg>
<arg>${enter name}</arg>
<doc>Verifies element identified by ``locator`` contains text ``expected``.</doc>
<msg timestamp="20211203 11:51:00.078" level="INFO">Verifying element 'com.apnatime.debug:id/row_card_tv_name' contains text 'Priya'.</msg>
<status status="PASS" starttime="20211203 11:51:00.065" endtime="20211203 11:51:01.464"/>
</kw>
<kw name="Element Should Contain Text" library="AppiumLibrary">
<arg>${verify city}</arg>
<arg>${enter cityname}</arg>
<doc>Verifies element identified by ``locator`` contains text ``expected``.</doc>
<msg timestamp="20211203 11:51:01.473" level="INFO">Verifying element 'com.apnatime.debug:id/row_card_tv_mobile' contains text 'Mysore'.</msg>
<status status="PASS" starttime="20211203 11:51:01.464" endtime="20211203 11:51:02.734"/>
</kw>
<status status="PASS" starttime="20211203 11:50:53.242" endtime="20211203 11:51:02.735"/>
</kw>
<doc>Verify if all card details has been changed</doc>
<status status="PASS" starttime="20211203 11:50:53.241" endtime="20211203 11:51:02.737"/>
</test>
<test id="s1-t4" name="Check if user can view connection, card views and pending request">
<kw name="Click on card view and check card views" library="Apna card page">
<kw name="Wait for Element on Screen" library="apna cardcommon">
<arg>${edit profile}</arg>
<kw name="Wait Until Page Contains Element" library="AppiumLibrary">
<arg>${element}</arg>
<arg>timeout=20s</arg>
<doc>Waits until element specified with `locator` appears on current page.</doc>
<status status="PASS" starttime="20211203 11:51:02.748" endtime="20211203 11:51:03.372"/>
</kw>
<status status="PASS" starttime="20211203 11:51:02.747" endtime="20211203 11:51:03.373"/>
</kw>
<kw name="Click Text" library="AppiumLibrary">
<arg>${card view}</arg>
<doc>Click text identified by ``text``.</doc>
<status status="PASS" starttime="20211203 11:51:03.373" endtime="20211203 11:51:05.275"/>
</kw>
<kw name="Wait for Element on Screen" library="apna cardcommon">
<arg>${card view page}</arg>
<kw name="Wait Until Page Contains Element" library="AppiumLibrary">
<arg>${element}</arg>
<arg>timeout=20s</arg>
<doc>Waits until element specified with `locator` appears on current page.</doc>
<status status="PASS" starttime="20211203 11:51:05.278" endtime="20211203 11:51:07.392"/>
</kw>
<status status="PASS" starttime="20211203 11:51:05.275" endtime="20211203 11:51:07.392"/>
</kw>
<kw name="Click Element" library="AppiumLibrary">
<arg>${close}</arg>
<doc>Click element identified by `locator`.</doc>
<msg timestamp="20211203 11:51:07.407" level="INFO">Clicking element 'com.apnatime.debug:id/activity_profile_count_close'.</msg>
<status status="PASS" starttime="20211203 11:51:07.393" endtime="20211203 11:51:07.664"/>
</kw>
<status status="PASS" starttime="20211203 11:51:02.746" endtime="20211203 11:51:07.666"/>
</kw>
<kw name="Click on Connections and check connections" library="Apna card page">
<kw name="Wait for text on Screen" library="apna cardcommon">
<arg>${click_connection}</arg>
<kw name="Wait Until Page Contains" library="AppiumLibrary">
<arg>${text}</arg>
<arg>timeout=20</arg>
<doc>Waits until `text` appears on current page.</doc>
<status status="PASS" starttime="20211203 11:51:07.678" endtime="20211203 11:51:10.155"/>
</kw>
<status status="PASS" starttime="20211203 11:51:07.677" endtime="20211203 11:51:10.155"/>
</kw>
<kw name="Click Text" library="AppiumLibrary">
<arg>${click_connection}</arg>
<doc>Click text identified by ``text``.</doc>
<status status="PASS" starttime="20211203 11:51:10.155" endtime="20211203 11:51:12.939"/>
</kw>
<kw name="Wait for Element on Screen" library="apna cardcommon">
<arg>${connection}</arg>
<kw name="Wait Until Page Contains Element" library="AppiumLibrary">
<arg>${element}</arg>
<arg>timeout=20s</arg>
<doc>Waits until element specified with `locator` appears on current page.</doc>
<status status="PASS" starttime="20211203 11:51:12.945" endtime="20211203 11:51:14.399"/>
</kw>
<status status="PASS" starttime="20211203 11:51:12.941" endtime="20211203 11:51:14.400"/>
</kw>
<kw name="Click Element" library="AppiumLibrary">
<arg>${cancel}</arg>
<doc>Click element identified by `locator`.</doc>
<msg timestamp="20211203 11:51:14.415" level="INFO">Clicking element 'com.apnatime.debug:id/activity_profile_count_close'.</msg>
<status status="PASS" starttime="20211203 11:51:14.401" endtime="20211203 11:51:14.754"/>
</kw>
<status status="PASS" starttime="20211203 11:51:07.674" endtime="20211203 11:51:14.756"/>
</kw>
<kw name="Click on Pending Requests and check pending requests" library="Apna card page">
<kw name="Wait for text on Screen" library="apna cardcommon">
<arg>${Pending Requests}</arg>
<kw name="Wait Until Page Contains" library="AppiumLibrary">
<arg>${text}</arg>
<arg>timeout=20</arg>
<doc>Waits until `text` appears on current page.</doc>
<status status="PASS" starttime="20211203 11:51:14.763" endtime="20211203 11:51:17.361"/>
</kw>
<status status="PASS" starttime="20211203 11:51:14.763" endtime="20211203 11:51:17.361"/>
</kw>
<kw name="Click Text" library="AppiumLibrary">
<arg>${Pending Requests}</arg>
<doc>Click text identified by ``text``.</doc>
<status status="PASS" starttime="20211203 11:51:17.362" endtime="20211203 11:51:19.243"/>
</kw>
<kw name="Wait for Element on Screen" library="apna cardcommon">
<arg>${Pending Requests page}</arg>
<kw name="Wait Until Page Contains Element" library="AppiumLibrary">
<arg>${element}</arg>
<arg>timeout=20s</arg>
<doc>Waits until element specified with `locator` appears on current page.</doc>
<status status="PASS" starttime="20211203 11:51:19.245" endtime="20211203 11:51:20.983"/>
</kw>
<status status="PASS" starttime="20211203 11:51:19.243" endtime="20211203 11:51:20.983"/>
</kw>
<kw name="Click Element" library="AppiumLibrary">
<arg>${delete}</arg>
<doc>Click element identified by `locator`.</doc>
<msg timestamp="20211203 11:51:20.997" level="INFO">Clicking element 'com.apnatime.debug:id/activity_profile_count_close'.</msg>
<status status="PASS" starttime="20211203 11:51:20.984" endtime="20211203 11:51:21.340"/>
</kw>
<status status="PASS" starttime="20211203 11:51:14.758" endtime="20211203 11:51:21.343"/>
</kw>
<doc>Check if user can view connection, card views and pending request</doc>
<status status="PASS" starttime="20211203 11:51:02.743" endtime="20211203 11:51:21.346"/>
</test>
<kw name="Close Apna application" library="Apna card page" type="TEARDOWN">
<kw name="Close Application" library="AppiumLibrary">
<doc>Closes the current application and also close webdriver session.</doc>
<status status="PASS" starttime="20211203 11:51:21.354" endtime="20211203 11:51:22.287"/>
</kw>
<status status="PASS" starttime="20211203 11:51:21.353" endtime="20211203 11:51:22.287"/>
</kw>
<status status="PASS" starttime="20211203 11:49:18.395" endtime="20211203 11:51:22.288"/>
</suite>
<statistics>
<total>
<stat pass="4" fail="0" skip="0">All Tests</stat>
</total>
<tag>
</tag>
<suite>
<stat pass="4" fail="0" skip="0" id="s1" name="Apnacard">Apnacard</stat>
</suite>
</statistics>
<errors>
</errors>
</robot>
